<?xml version="1.0" encoding="UTF-8"?>
<!-- Generated by org.testng.reporters.JUnitReportReporter -->
<testsuite skipped="0" hostname="OmarTarekPC" name="Runner.testRunner" tests="12" failures="0" timestamp="2022-03-31T23:01:37 EET" time="178.772" errors="0">
  <testcase name="runScenario" time="31.008" classname="Runner.testRunner"/>
  <system-out/>
  <testcase name="runScenario" time="29.898" classname="Runner.testRunner"/>
  <system-out/>
  <testcase name="runScenario" time="24.240" classname="Runner.testRunner"/>
  <system-out/>
  <testcase name="runScenario" time="8.207" classname="Runner.testRunner"/>
  <system-out/>
  <testcase name="runScenario" time="5.102" classname="Runner.testRunner"/>
  <system-out/>
  <testcase name="runScenario" time="11.937" classname="Runner.testRunner"/>
  <system-out/>
  <testcase name="runScenario" time="4.507" classname="Runner.testRunner"/>
  <system-out/>
  <testcase name="runScenario" time="6.282" classname="Runner.testRunner"/>
  <system-out/>
  <testcase name="runScenario" time="5.889" classname="Runner.testRunner"/>
  <system-out/>
  <testcase name="runScenario" time="40.859" classname="Runner.testRunner"/>
  <system-out/>
  <testcase name="runScenario" time="7.089" classname="Runner.testRunner"/>
  <system-out/>
  <testcase name="runScenario" time="3.754" classname="Runner.testRunner"/>
  <system-out/>
</testsuite> <!-- Runner.testRunner -->
